Arguments: 
  /usr/local/bin/node /usr/local/Cellar/yarn/1.22.19/libexec/bin/yarn.js

PATH: 
  /usr/local/opt/openssl@1.0/bin:/usr/local/opt/llvm/bin:/usr/local/opt/sqlite/bin:/usr/local/opt/inetutils/libexec/gnubin:/usr/local/opt/gsl@1/bin:/usr/local/opt/archdefs/bin:/opt/local/bin:/opt/local/sbin:/usr/local/bin:/System/Cryptexes/App/usr/bin:/usr/bin:/bin:/usr/sbin:/sbin:/Applications/VMware Fusion.app/Contents/Public:/Library/TeX/texbin:/usr/local/aria2/bin:/opt/X11/bin:/Library/Apple/usr/bin:/Library/Frameworks/Mono.framework/Versions/Current/Commands:/usr/local/opt/openssl@1.0/bin:/Users/zackwang/anaconda3/bin:/Users/zackwang/anaconda3/condabin:/usr/local/opt/llvm/bin:/usr/local/opt/sqlite/bin:/usr/local/opt/inetutils/libexec/gnubin:/usr/local/opt/gsl@1/bin:/usr/local/opt/archdefs/bin:/opt/local/bin:/opt/local/sbin:/usr/local/apache-maven-3.6.2/bin:/Applications/MacVim.app/Contents/bin:/usr/local/apache-maven-3.6.2/bin:/Applications/MacVim.app/Contents/bin

Yarn version: 
  1.22.19

Node version: 
  18.13.0

Platform: 
  darwin arm64

Trace: 
  SyntaxError: /Users/zackwang/Course_Materials/EE374/typescript_tutorial/package.json: Unexpected token / in JSON at position 25
      at JSON.parse (<anonymous>)
      at /usr/local/Cellar/yarn/1.22.19/libexec/lib/cli.js:1629:59
      at Generator.next (<anonymous>)
      at step (/usr/local/Cellar/yarn/1.22.19/libexec/lib/cli.js:310:30)
      at /usr/local/Cellar/yarn/1.22.19/libexec/lib/cli.js:321:13

npm manifest: 
  {
    "name": "workshop1", /* name */
    "version": "1.0.0", /* just want to leave comment */
    "main": "index.js",
    "repository": "TBD",
    "author": "Yifei Wang",
    "license": "MIT",
    "private": true,
    "script": {
      "hello": "ts-node hello.ts"
    }
  }

yarn manifest: 
  No manifest

Lockfile: 
  No lockfile
